mode: set
github.com/EwanGreer/memcache/cache.go:25.19,27.2 1 1
github.com/EwanGreer/memcache/cache.go:31.41,37.2 1 1
github.com/EwanGreer/memcache/cache.go:41.40,46.9 4 1
github.com/EwanGreer/memcache/cache.go:46.9,48.3 1 1
github.com/EwanGreer/memcache/cache.go:50.2,51.20 2 1
github.com/EwanGreer/memcache/cache.go:51.20,55.3 3 1
github.com/EwanGreer/memcache/cache.go:57.2,58.17 2 1
github.com/EwanGreer/memcache/cache.go:62.47,64.2 1 1
github.com/EwanGreer/memcache/cache.go:69.73,74.13 4 1
github.com/EwanGreer/memcache/cache.go:74.13,76.3 1 1
github.com/EwanGreer/memcache/cache.go:78.2,78.34 1 1
github.com/EwanGreer/memcache/cache.go:78.34,84.3 5 1
github.com/EwanGreer/memcache/cache.go:86.2,86.49 1 1
github.com/EwanGreer/memcache/cache.go:86.49,88.3 1 1
github.com/EwanGreer/memcache/cache.go:90.2,97.21 3 1
github.com/EwanGreer/memcache/cache.go:101.36,105.34 3 1
github.com/EwanGreer/memcache/cache.go:105.34,108.3 2 1
github.com/EwanGreer/memcache/cache.go:113.38,118.9 4 1
github.com/EwanGreer/memcache/cache.go:118.9,120.3 1 1
github.com/EwanGreer/memcache/cache.go:122.2,123.20 2 1
github.com/EwanGreer/memcache/cache.go:123.20,127.3 3 1
github.com/EwanGreer/memcache/cache.go:129.2,129.13 1 1
github.com/EwanGreer/memcache/cache.go:133.25,139.2 4 1
github.com/EwanGreer/memcache/cache.go:142.27,147.31 4 1
github.com/EwanGreer/memcache/cache.go:147.31,149.22 2 1
github.com/EwanGreer/memcache/cache.go:149.22,151.4 1 1
github.com/EwanGreer/memcache/cache.go:153.2,153.14 1 1
github.com/EwanGreer/memcache/cache.go:158.37,163.33 4 1
github.com/EwanGreer/memcache/cache.go:163.33,165.21 2 1
github.com/EwanGreer/memcache/cache.go:165.21,169.4 3 1
github.com/EwanGreer/memcache/cache.go:171.2,171.16 1 1
github.com/EwanGreer/memcache/cache.go:174.33,175.26 1 1
github.com/EwanGreer/memcache/cache.go:175.26,177.3 1 1
github.com/EwanGreer/memcache/cache.go:178.2,178.38 1 1
github.com/EwanGreer/memcache/cache.go:181.25,183.17 2 1
github.com/EwanGreer/memcache/cache.go:183.17,185.3 1 0
github.com/EwanGreer/memcache/cache.go:186.2,188.25 3 1
